c:\users\tello\onedrive\escritorio\progra_1_2024\proyectovehiculo\proyectovehiculo\x64\debug\proyectovehiculo.pch
c:\users\tello\onedrive\escritorio\progra_1_2024\proyectovehiculo\proyectovehiculo\x64\debug\vc143.pdb
c:\users\tello\onedrive\escritorio\progra_1_2024\proyectovehiculo\proyectovehiculo\x64\debug\pch.obj
c:\users\tello\onedrive\escritorio\progra_1_2024\proyectovehiculo\proyectovehiculo\x64\debug\vehiculo.obj
c:\users\tello\onedrive\escritorio\progra_1_2024\proyectovehiculo\proyectovehiculo\x64\debug\form2.obj
c:\users\tello\onedrive\escritorio\progra_1_2024\proyectovehiculo\proyectovehiculo\x64\debug\form1.obj
c:\users\tello\onedrive\escritorio\progra_1_2024\proyectovehiculo\proyectovehiculo\x64\debug\cppclr_winformsproject.obj
c:\users\tello\onedrive\escritorio\progra_1_2024\proyectovehiculo\proyectovehiculo\x64\debug\assemblyinfo.obj
c:\users\tello\onedrive\escritorio\progra_1_2024\proyectovehiculo\proyectovehiculo\x64\debug\.netframework,version=v4.7.2.assemblyattributes.obj
c:\users\tello\onedrive\escritorio\progra_1_2024\proyectovehiculo\x64\debug\proyectovehiculo.exe
c:\users\tello\onedrive\escritorio\progra_1_2024\proyectovehiculo\x64\debug\proyectovehiculo.pdb
c:\users\tello\onedrive\escritorio\progra_1_2024\proyectovehiculo\proyectovehiculo\x64\debug\app.res
c:\users\tello\onedrive\escritorio\progra_1_2024\proyectovehiculo\proyectovehiculo\x64\debug\proyectovehiculo.tlog\cl.command.1.tlog
c:\users\tello\onedrive\escritorio\progra_1_2024\proyectovehiculo\proyectovehiculo\x64\debug\proyectovehiculo.tlog\cl.items.tlog
c:\users\tello\onedrive\escritorio\progra_1_2024\proyectovehiculo\proyectovehiculo\x64\debug\proyectovehiculo.tlog\cl.read.1.tlog
c:\users\tello\onedrive\escritorio\progra_1_2024\proyectovehiculo\proyectovehiculo\x64\debug\proyectovehiculo.tlog\cl.write.1.tlog
c:\users\tello\onedrive\escritorio\progra_1_2024\proyectovehiculo\proyectovehiculo\x64\debug\proyectovehiculo.tlog\link.command.1.tlog
c:\users\tello\onedrive\escritorio\progra_1_2024\proyectovehiculo\proyectovehiculo\x64\debug\proyectovehiculo.tlog\link.read.1.tlog
c:\users\tello\onedrive\escritorio\progra_1_2024\proyectovehiculo\proyectovehiculo\x64\debug\proyectovehiculo.tlog\link.secondary.1.tlog
c:\users\tello\onedrive\escritorio\progra_1_2024\proyectovehiculo\proyectovehiculo\x64\debug\proyectovehiculo.tlog\link.write.1.tlog
c:\users\tello\onedrive\escritorio\progra_1_2024\proyectovehiculo\proyectovehiculo\x64\debug\proyectovehiculo.tlog\metagen.read.1.tlog
c:\users\tello\onedrive\escritorio\progra_1_2024\proyectovehiculo\proyectovehiculo\x64\debug\proyectovehiculo.tlog\metagen.write.1.tlog
c:\users\tello\onedrive\escritorio\progra_1_2024\proyectovehiculo\proyectovehiculo\x64\debug\proyectovehiculo.tlog\rc.command.1.tlog
c:\users\tello\onedrive\escritorio\progra_1_2024\proyectovehiculo\proyectovehiculo\x64\debug\proyectovehiculo.tlog\rc.read.1.tlog
c:\users\tello\onedrive\escritorio\progra_1_2024\proyectovehiculo\proyectovehiculo\x64\debug\proyectovehiculo.tlog\rc.write.1.tlog
c:\users\tello\onedrive\escritorio\progra_1_2024\proyectovehiculo\proyectovehiculo\x64\debug\proyectovehiculo.tlog\resgen.command.1.tlog
c:\users\tello\onedrive\escritorio\progra_1_2024\proyectovehiculo\proyectovehiculo\x64\debug\proyectovehiculo.tlog\resgen.read.1.tlog
c:\users\tello\onedrive\escritorio\progra_1_2024\proyectovehiculo\proyectovehiculo\x64\debug\proyectovehiculo.tlog\resgen.write.1.tlog
