c:\users\tello\onedrive\escritorio\progra_1_2024\colegio_curso\colegio_curso\x64\debug\colegio_curso.pch
c:\users\tello\onedrive\escritorio\progra_1_2024\colegio_curso\colegio_curso\x64\debug\vc143.pdb
c:\users\tello\onedrive\escritorio\progra_1_2024\colegio_curso\colegio_curso\x64\debug\pch.obj
c:\users\tello\onedrive\escritorio\progra_1_2024\colegio_curso\colegio_curso\x64\debug\form1.obj
c:\users\tello\onedrive\escritorio\progra_1_2024\colegio_curso\colegio_curso\x64\debug\cppclr_winformsproject.obj
c:\users\tello\onedrive\escritorio\progra_1_2024\colegio_curso\colegio_curso\x64\debug\assemblyinfo.obj
c:\users\tello\onedrive\escritorio\progra_1_2024\colegio_curso\colegio_curso\x64\debug\.netframework,version=v4.7.2.assemblyattributes.obj
c:\users\tello\onedrive\escritorio\progra_1_2024\colegio_curso\x64\debug\system.memory.dll
c:\users\tello\onedrive\escritorio\progra_1_2024\colegio_curso\x64\debug\system.threading.tasks.extensions.dll
c:\users\tello\onedrive\escritorio\progra_1_2024\colegio_curso\x64\debug\system.numerics.vectors.dll
c:\users\tello\onedrive\escritorio\progra_1_2024\colegio_curso\x64\debug\system.buffers.dll
c:\users\tello\onedrive\escritorio\progra_1_2024\colegio_curso\x64\debug\colegio_curso.exe
c:\users\tello\onedrive\escritorio\progra_1_2024\colegio_curso\x64\debug\colegio_curso.pdb
c:\users\tello\onedrive\escritorio\progra_1_2024\colegio_curso\colegio_curso\x64\debug\app.res
c:\users\tello\onedrive\escritorio\progra_1_2024\colegio_curso\colegio_curso\x64\debug\colegio_curso.tlog\cl.command.1.tlog
c:\users\tello\onedrive\escritorio\progra_1_2024\colegio_curso\colegio_curso\x64\debug\colegio_curso.tlog\cl.items.tlog
c:\users\tello\onedrive\escritorio\progra_1_2024\colegio_curso\colegio_curso\x64\debug\colegio_curso.tlog\cl.read.1.tlog
c:\users\tello\onedrive\escritorio\progra_1_2024\colegio_curso\colegio_curso\x64\debug\colegio_curso.tlog\cl.write.1.tlog
c:\users\tello\onedrive\escritorio\progra_1_2024\colegio_curso\colegio_curso\x64\debug\colegio_curso.tlog\copylocal.read.1u.tlog
c:\users\tello\onedrive\escritorio\progra_1_2024\colegio_curso\colegio_curso\x64\debug\colegio_curso.tlog\copylocal.write.1u.tlog
c:\users\tello\onedrive\escritorio\progra_1_2024\colegio_curso\colegio_curso\x64\debug\colegio_curso.tlog\link.command.1.tlog
c:\users\tello\onedrive\escritorio\progra_1_2024\colegio_curso\colegio_curso\x64\debug\colegio_curso.tlog\link.read.1.tlog
c:\users\tello\onedrive\escritorio\progra_1_2024\colegio_curso\colegio_curso\x64\debug\colegio_curso.tlog\link.secondary.1.tlog
c:\users\tello\onedrive\escritorio\progra_1_2024\colegio_curso\colegio_curso\x64\debug\colegio_curso.tlog\link.write.1.tlog
c:\users\tello\onedrive\escritorio\progra_1_2024\colegio_curso\colegio_curso\x64\debug\colegio_curso.tlog\metagen.read.1.tlog
c:\users\tello\onedrive\escritorio\progra_1_2024\colegio_curso\colegio_curso\x64\debug\colegio_curso.tlog\metagen.write.1.tlog
c:\users\tello\onedrive\escritorio\progra_1_2024\colegio_curso\colegio_curso\x64\debug\colegio_curso.tlog\rc.command.1.tlog
c:\users\tello\onedrive\escritorio\progra_1_2024\colegio_curso\colegio_curso\x64\debug\colegio_curso.tlog\rc.read.1.tlog
c:\users\tello\onedrive\escritorio\progra_1_2024\colegio_curso\colegio_curso\x64\debug\colegio_curso.tlog\rc.write.1.tlog
c:\users\tello\onedrive\escritorio\progra_1_2024\colegio_curso\colegio_curso\x64\debug\colegio_curso.tlog\resgen.command.1.tlog
c:\users\tello\onedrive\escritorio\progra_1_2024\colegio_curso\colegio_curso\x64\debug\colegio_curso.tlog\resgen.read.1.tlog
c:\users\tello\onedrive\escritorio\progra_1_2024\colegio_curso\colegio_curso\x64\debug\colegio_curso.tlog\resgen.write.1.tlog
