c:\users\tello\onedrive\escritorio\progra_1_2024\diseñoproducto\diseñoproducto\x64\debug\diseñoproducto.pch
c:\users\tello\onedrive\escritorio\progra_1_2024\diseñoproducto\diseñoproducto\x64\debug\vc143.pdb
c:\users\tello\onedrive\escritorio\progra_1_2024\diseñoproducto\diseñoproducto\x64\debug\pch.obj
c:\users\tello\onedrive\escritorio\progra_1_2024\diseñoproducto\diseñoproducto\x64\debug\form1.obj
c:\users\tello\onedrive\escritorio\progra_1_2024\diseñoproducto\diseñoproducto\x64\debug\cppclr_winformsproject.obj
c:\users\tello\onedrive\escritorio\progra_1_2024\diseñoproducto\diseñoproducto\x64\debug\assemblyinfo.obj
c:\users\tello\onedrive\escritorio\progra_1_2024\diseñoproducto\diseñoproducto\x64\debug\.netframework,version=v4.7.2.assemblyattributes.obj
c:\users\tello\onedrive\escritorio\progra_1_2024\diseñoproducto\x64\debug\diseñoproducto.exe
c:\users\tello\onedrive\escritorio\progra_1_2024\diseñoproducto\x64\debug\diseñoproducto.pdb
c:\users\tello\onedrive\escritorio\progra_1_2024\diseñoproducto\diseñoproducto\x64\debug\app.res
c:\users\tello\onedrive\escritorio\progra_1_2024\diseñoproducto\diseñoproducto\x64\debug\diseñoproducto.tlog\cl.command.1.tlog
c:\users\tello\onedrive\escritorio\progra_1_2024\diseñoproducto\diseñoproducto\x64\debug\diseñoproducto.tlog\cl.items.tlog
c:\users\tello\onedrive\escritorio\progra_1_2024\diseñoproducto\diseñoproducto\x64\debug\diseñoproducto.tlog\cl.read.1.tlog
c:\users\tello\onedrive\escritorio\progra_1_2024\diseñoproducto\diseñoproducto\x64\debug\diseñoproducto.tlog\cl.write.1.tlog
c:\users\tello\onedrive\escritorio\progra_1_2024\diseñoproducto\diseñoproducto\x64\debug\diseñoproducto.tlog\link.command.1.tlog
c:\users\tello\onedrive\escritorio\progra_1_2024\diseñoproducto\diseñoproducto\x64\debug\diseñoproducto.tlog\link.read.1.tlog
c:\users\tello\onedrive\escritorio\progra_1_2024\diseñoproducto\diseñoproducto\x64\debug\diseñoproducto.tlog\link.secondary.1.tlog
c:\users\tello\onedrive\escritorio\progra_1_2024\diseñoproducto\diseñoproducto\x64\debug\diseñoproducto.tlog\link.write.1.tlog
c:\users\tello\onedrive\escritorio\progra_1_2024\diseñoproducto\diseñoproducto\x64\debug\diseñoproducto.tlog\metagen.read.1.tlog
c:\users\tello\onedrive\escritorio\progra_1_2024\diseñoproducto\diseñoproducto\x64\debug\diseñoproducto.tlog\metagen.write.1.tlog
c:\users\tello\onedrive\escritorio\progra_1_2024\diseñoproducto\diseñoproducto\x64\debug\diseñoproducto.tlog\rc.command.1.tlog
c:\users\tello\onedrive\escritorio\progra_1_2024\diseñoproducto\diseñoproducto\x64\debug\diseñoproducto.tlog\rc.read.1.tlog
c:\users\tello\onedrive\escritorio\progra_1_2024\diseñoproducto\diseñoproducto\x64\debug\diseñoproducto.tlog\rc.write.1.tlog
c:\users\tello\onedrive\escritorio\progra_1_2024\diseñoproducto\diseñoproducto\x64\debug\diseñoproducto.tlog\resgen.command.1.tlog
c:\users\tello\onedrive\escritorio\progra_1_2024\diseñoproducto\diseñoproducto\x64\debug\diseñoproducto.tlog\resgen.read.1.tlog
c:\users\tello\onedrive\escritorio\progra_1_2024\diseñoproducto\diseñoproducto\x64\debug\diseñoproducto.tlog\resgen.write.1.tlog
